# JRE version: OpenJDK Runtime Environment (8.0_131-b11) (build 1.8.0_131-8u131-b11-2ubuntu1.16.04.3-b11)
# Java VM: OpenJDK 64-Bit Server VM (25.131-b11 mixed mode linux-amd64 compressed oops)
Heap:
 def new generation   total 8448K, used 8447K [0x00000000f0800000, 0x00000000f1120000, 0x00000000f5aa0000)
  eden space 7552K, 100% used [0x00000000f0800000, 0x00000000f0f60000, 0x00000000f0f60000)
  from space 896K,  99% used [0x00000000f0f60000, 0x00000000f103fff8, 0x00000000f1040000)
  to   space 896K,   0% used [0x00000000f1040000, 0x00000000f1040030, 0x00000000f1120000)
 tenured generation   total 18628K, used 18197K [0x00000000f5aa0000, 0x00000000f6cd1000, 0x0000000100000000)
   the space 18628K,  97% used [0x00000000f5aa0000, 0x00000000f6c65520, 0x00000000f6c65600, 0x00000000f6cd1000)
 Metaspace       used 7572K, capacity 8504K, committed 8704K, reserved 1056768K
  class space    used 1154K, capacity 1192K, committed 1280K, reserved 1048576K
GC Heap History (10 events):
Event: 255.001 GC heap after
Heap after GC invocations=17 (full 2):
 def new generation   total 8448K, used 0K [0x00000000f0800000, 0x00000000f1120000, 0x00000000f5aa0000)
  eden space 7552K,   0% used [0x00000000f0800000, 0x00000000f0800000, 0x00000000f0f60000)
  from space 896K,   0% used [0x00000000f0f60000, 0x00000000f0f60000, 0x00000000f1040000)
  to   space 896K,   0% used [0x00000000f1040000, 0x00000000f1040000, 0x00000000f1120000)
 tenured generation   total 18628K, used 11175K [0x00000000f5aa0000, 0x00000000f6cd1000, 0x0000000100000000)
   the space 18628K,  59% used [0x00000000f5aa0000, 0x00000000f6589f50, 0x00000000f658a000, 0x00000000f6cd1000)
 Metaspace       used 7561K, capacity 8472K, committed 8704K, reserved 1056768K
  class space    used 1152K, capacity 1160K, committed 1280K, reserved 1048576K
}
Event: 363.014 GC heap before
{Heap before GC invocations=17 (full 2):
 def new generation   total 8448K, used 7552K [0x00000000f0800000, 0x00000000f1120000, 0x00000000f5aa0000)
  eden space 7552K, 100% used [0x00000000f0800000, 0x00000000f0f60000, 0x00000000f0f60000)
  from space 896K,   0% used [0x00000000f0f60000, 0x00000000f0f60000, 0x00000000f1040000)
  to   space 896K,   0% used [0x00000000f1040000, 0x00000000f1040000, 0x00000000f1120000)
 tenured generation   total 18628K, used 11175K [0x00000000f5aa0000, 0x00000000f6cd1000, 0x0000000100000000)
   the space 18628K,  59% used [0x00000000f5aa0000, 0x00000000f6589f50, 0x00000000f658a000, 0x00000000f6cd1000)
 Metaspace       used 7565K, capacity 8504K, committed 8704K, reserved 1056768K
  class space    used 1154K, capacity 1192K, committed 1280K, reserved 1048576K
Event: 373.570 GC heap after
Heap after GC invocations=18 (full 2):
 def new generation   total 8448K, used 637K [0x00000000f0800000, 0x00000000f1120000, 0x00000000f5aa0000)
  eden space 7552K,   0% used [0x00000000f0800000, 0x00000000f0800000, 0x00000000f0f60000)
  from space 896K,  71% used [0x00000000f1040000, 0x00000000f10df488, 0x00000000f1120000)
  to   space 896K,   0% used [0x00000000f0f60000, 0x00000000f0f60000, 0x00000000f1040000)
 tenured generation   total 18628K, used 11175K [0x00000000f5aa0000, 0x00000000f6cd1000, 0x0000000100000000)
   the space 18628K,  59% used [0x00000000f5aa0000, 0x00000000f6589f50, 0x00000000f658a000, 0x00000000f6cd1000)
 Metaspace       used 7565K, capacity 8504K, committed 8704K, reserved 1056768K
  class space    used 1154K, capacity 1192K, committed 1280K, reserved 1048576K
}
Event: 510.477 GC heap before
{Heap before GC invocations=18 (full 2):
 def new generation   total 8448K, used 8189K [0x00000000f0800000, 0x00000000f1120000, 0x00000000f5aa0000)
  eden space 7552K, 100% used [0x00000000f0800000, 0x00000000f0f60000, 0x00000000f0f60000)
  from space 896K,  71% used [0x00000000f1040000, 0x00000000f10df488, 0x00000000f1120000)
  to   space 896K,   0% used [0x00000000f0f60000, 0x00000000f0f60000, 0x00000000f1040000)
 tenured generation   total 18628K, used 11175K [0x00000000f5aa0000, 0x00000000f6cd1000, 0x0000000100000000)
   the space 18628K,  59% used [0x00000000f5aa0000, 0x00000000f6589f50, 0x00000000f658a000, 0x00000000f6cd1000)
 Metaspace       used 7565K, capacity 8504K, committed 8704K, reserved 1056768K
  class space    used 1154K, capacity 1192K, committed 1280K, reserved 1048576K
Event: 532.249 GC heap after
Heap after GC invocations=19 (full 2):
 def new generation   total 8448K, used 699K [0x00000000f0800000, 0x00000000f1120000, 0x00000000f5aa0000)
  eden space 7552K,   0% used [0x00000000f0800000, 0x00000000f0800000, 0x00000000f0f60000)
  from space 896K,  78% used [0x00000000f0f60000, 0x00000000f100ef38, 0x00000000f1040000)
  to   space 896K,   0% used [0x00000000f1040000, 0x00000000f1040000, 0x00000000f1120000)
 tenured generation   total 18628K, used 11730K [0x00000000f5aa0000, 0x00000000f6cd1000, 0x0000000100000000)
   the space 18628K,  62% used [0x00000000f5aa0000, 0x00000000f6614848, 0x00000000f6614a00, 0x00000000f6cd1000)
 Metaspace       used 7565K, capacity 8504K, committed 8704K, reserved 1056768K
  class space    used 1154K, capacity 1192K, committed 1280K, reserved 1048576K
}
Event: 786.499 GC heap before
{Heap before GC invocations=19 (full 2):
 def new generation   total 8448K, used 8251K [0x00000000f0800000, 0x00000000f1120000, 0x00000000f5aa0000)
  eden space 7552K, 100% used [0x00000000f0800000, 0x00000000f0f60000, 0x00000000f0f60000)
  from space 896K,  78% used [0x00000000f0f60000, 0x00000000f100ef38, 0x00000000f1040000)
  to   space 896K,   0% used [0x00000000f1040000, 0x00000000f1040000, 0x00000000f1120000)
 tenured generation   total 18628K, used 11730K [0x00000000f5aa0000, 0x00000000f6cd1000, 0x0000000100000000)
   the space 18628K,  62% used [0x00000000f5aa0000, 0x00000000f6614848, 0x00000000f6614a00, 0x00000000f6cd1000)
 Metaspace       used 7567K, capacity 8504K, committed 8704K, reserved 1056768K
  class space    used 1154K, capacity 1192K, committed 1280K, reserved 1048576K
Event: 801.000 GC heap after
Heap after GC invocations=20 (full 2):
 def new generation   total 8448K, used 896K [0x00000000f0800000, 0x00000000f1120000, 0x00000000f5aa0000)
  eden space 7552K,   0% used [0x00000000f0800000, 0x00000000f0800000, 0x00000000f0f60000)
  from space 896K, 100% used [0x00000000f1040000, 0x00000000f1120000, 0x00000000f1120000)
  to   space 896K,   0% used [0x00000000f0f60000, 0x00000000f0f60000, 0x00000000f1040000)
 tenured generation   total 18628K, used 14350K [0x00000000f5aa0000, 0x00000000f6cd1000, 0x0000000100000000)
   the space 18628K,  77% used [0x00000000f5aa0000, 0x00000000f68a3868, 0x00000000f68a3a00, 0x00000000f6cd1000)
 Metaspace       used 7567K, capacity 8504K, committed 8704K, reserved 1056768K
  class space    used 1154K, capacity 1192K, committed 1280K, reserved 1048576K
}
Event: 948.903 GC heap before
{Heap before GC invocations=20 (full 2):
 def new generation   total 8448K, used 8448K [0x00000000f0800000, 0x00000000f1120000, 0x00000000f5aa0000)
  eden space 7552K, 100% used [0x00000000f0800000, 0x00000000f0f60000, 0x00000000f0f60000)
  from space 896K, 100% used [0x00000000f1040000, 0x00000000f1120000, 0x00000000f1120000)
  to   space 896K,   0% used [0x00000000f0f60000, 0x00000000f0f60000, 0x00000000f1040000)
 tenured generation   total 18628K, used 14350K [0x00000000f5aa0000, 0x00000000f6cd1000, 0x0000000100000000)
   the space 18628K,  77% used [0x00000000f5aa0000, 0x00000000f68a3868, 0x00000000f68a3a00, 0x00000000f6cd1000)
 Metaspace       used 7571K, capacity 8504K, committed 8704K, reserved 1056768K
  class space    used 1154K, capacity 1192K, committed 1280K, reserved 1048576K
Event: 969.103 GC heap after
Heap after GC invocations=21 (full 2):
 def new generation   total 8448K, used 895K [0x00000000f0800000, 0x00000000f1120000, 0x00000000f5aa0000)
  eden space 7552K,   0% used [0x00000000f0800000, 0x00000000f0800000, 0x00000000f0f60000)
  from space 896K,  99% used [0x00000000f0f60000, 0x00000000f103fff8, 0x00000000f1040000)
  to   space 896K,   0% used [0x00000000f1040000, 0x00000000f1040000, 0x00000000f1120000)
 tenured generation   total 18628K, used 17116K [0x00000000f5aa0000, 0x00000000f6cd1000, 0x0000000100000000)
   the space 18628K,  91% used [0x00000000f5aa0000, 0x00000000f6b57328, 0x00000000f6b57400, 0x00000000f6cd1000)
 Metaspace       used 7571K, capacity 8504K, committed 8704K, reserved 1056768K
  class space    used 1154K, capacity 1192K, committed 1280K, reserved 1048576K
}
Event: 1006.636 GC heap before
{Heap before GC invocations=21 (full 2):
 def new generation   total 8448K, used 8447K [0x00000000f0800000, 0x00000000f1120000, 0x00000000f5aa0000)
  eden space 7552K, 100% used [0x00000000f0800000, 0x00000000f0f60000, 0x00000000f0f60000)
  from space 896K,  99% used [0x00000000f0f60000, 0x00000000f103fff8, 0x00000000f1040000)
  to   space 896K,   0% used [0x00000000f1040000, 0x00000000f1040000, 0x00000000f1120000)
 tenured generation   total 18628K, used 17116K [0x00000000f5aa0000, 0x00000000f6cd1000, 0x0000000100000000)
   the space 18628K,  91% used [0x00000000f5aa0000, 0x00000000f6b57328, 0x00000000f6b57400, 0x00000000f6cd1000)
 Metaspace       used 7572K, capacity 8504K, committed 8704K, reserved 1056768K
  class space    used 1154K, capacity 1192K, committed 1280K, reserved 1048576K

